Build started 12/3/2014 6:54:27 PM.
     1>Project "D:\Programming\C++\Fines_collection_probability\Fines_collection_probability\Fines_collection_probability.vcxproj" on node 2 (Rebuild target(s)).
     1>ClCompile:
         D:\VS2013\VC\bin\CL.exe /c /Zi /nologo /W3 /WX- /sdl /O2 /Oi /Oy- /GL /D _MBCS /Gm- /EHsc /MD /GS /Gy /fp:precise /Zc:wchar_t /Zc:forScope /Fo"Release\\" /Fd"Release\vc120.pdb" /Gd /TP /analyze- /errorReport:prompt Ant.cpp Area.cpp CarParksMap.cpp main.cpp Officer.cpp Point.cpp
         Ant.cpp
         Area.cpp
         CarParksMap.cpp
         main.cpp
         Officer.cpp
         Point.cpp
       Link:
         D:\VS2013\VC\bin\link.exe /ERRORREPORT:PROMPT /OUT:"D:\Programming\C++\Fines_collection_probability\Release\Fines_collection_probability.exe" /NOLOGO kernel32.lib user32.lib gdi32.lib winspool.lib comdlg32.lib advapi32.lib shell32.lib ole32.lib oleaut32.lib uuid.lib odbc32.lib odbccp32.lib /MANIFEST /MANIFESTUAC:"level='asInvoker' uiAccess='false'" /manifest:embed /DEBUG /PDB:"D:\Programming\C++\Fines_collection_probability\Release\Fines_collection_probability.pdb" /OPT:REF /OPT:ICF /LTCG /TLBID:1 /DYNAMICBASE /NXCOMPAT /IMPLIB:"D:\Programming\C++\Fines_collection_probability\Release\Fines_collection_probability.lib" /MACHINE:X86 /SAFESEH Release\Ant.obj
         Release\Area.obj
         Release\CarParksMap.obj
         Release\main.obj
         Release\Officer.obj
         Release\Point.obj
         Generating code
         Finished generating code
         Fines_collection_probability.vcxproj -> D:\Programming\C++\Fines_collection_probability\Release\Fines_collection_probability.exe
     1>Done Building Project "D:\Programming\C++\Fines_collection_probability\Fines_collection_probability\Fines_collection_probability.vcxproj" (Rebuild target(s)).

Build succeeded.

Time Elapsed 00:00:05.56
